-------------------------------------------------------------------------------
Test set: com.example.AppTest
-------------------------------------------------------------------------------
Tests run: 2, Failures: 1, Errors: 0, Skipped: 0, Time elapsed: 0.013 s <<< FAILURE! - in com.example.AppTest
shouldAnswerWithTrue2(com.example.AppTest)  Time elapsed: 0.001 s  <<< FAILURE!
java.lang.AssertionError
	at com.example.AppTest.shouldAnswerWithTrue2(AppTest.java:24)

