<?xml version="1.0" encoding="UTF-8"?>
<testsuite xmlns:xsi="http://www.w3.org/2001/XMLSchema-instance" xsi:noNamespaceSchemaLocation="https://maven.apache.org/surefire/maven-surefire-plugin/xsd/surefire-test-report.xsd" name="com.example.AppTest" time="0.013" tests="2" errors="0" skipped="0" failures="1">
  <properties>
[...]
</properties>
  <testcase name="shouldAnswerWithTrue" classname="com.example.AppTest" time="0"/>
  <testcase name="shouldAnswerWithTrue2" classname="com.example.AppTest" time="0.001">
    <failure type="java.lang.AssertionError">java.lang.AssertionError
	at com.example.AppTest.shouldAnswerWithTrue2(AppTest.java:24)
</failure>
  </testcase>
</testsuite>